*********************************************************************
* LD Score Regression (LDSC)
* Version 2.0.0
* (C) 2014-2019 Brendan Bulik-Sullivan and Hilary Finucane
* Broad Institute of MIT and Harvard / MIT Department of Mathematics
* GNU General Public License v3
*********************************************************************
Call: 
./ldsc.py \
--out corr_mode2 \
--rg /mnt/data2/home02/khu/UKB_GWAS/CCA_combine/mental_sMRI/GWAS_all_IDP/IDP2/LDSC/SNP_heritability/result.sumstats.gz,intelligence.sumstats.gz \
--ref-ld-chr /mnt/data0/home/khu/UKB_GWAS/Imputation_Calls/new_GWAS_20734/SNP_heritability_LDSC/eur_w_ld_chr/ \
--w-ld-chr /mnt/data0/home/khu/UKB_GWAS/Imputation_Calls/new_GWAS_20734/SNP_heritability_LDSC/eur_w_ld_chr/ 

Beginning analysis at Tue Aug 15 00:34:56 2023
Reading summary statistics from /mnt/data2/home02/khu/UKB_GWAS/CCA_combine/mental_sMRI/GWAS_all_IDP/IDP2/LDSC/SNP_heritability/result.sumstats.gz ...
Read summary statistics for 753321 SNPs.
Reading reference panel LD Score from /mnt/data0/home/khu/UKB_GWAS/Imputation_Calls/new_GWAS_20734/SNP_heritability_LDSC/eur_w_ld_chr/[1-22] ... (ldscore_fromlist)
Read reference panel LD Scores for 1290028 SNPs.
Removing partitioned LD Scores with zero variance.
Reading regression weight LD Score from /mnt/data0/home/khu/UKB_GWAS/Imputation_Calls/new_GWAS_20734/SNP_heritability_LDSC/eur_w_ld_chr/[1-22] ... (ldscore_fromlist)
Read regression weight LD Scores for 1290028 SNPs.
After merging with reference panel LD, 750342 SNPs remain.
After merging with regression SNP LD, 750342 SNPs remain.
Computing rg for phenotype 2/2
Reading summary statistics from intelligence.sumstats.gz ...
Read summary statistics for 1217311 SNPs.
After merging with summary statistics, 750342 SNPs remain.
725005 SNPs with valid alleles.

Heritability of phenotype 1
---------------------------
Total Observed scale h2: 0.221 (0.0215)
Lambda GC: 1.1396
Mean Chi^2: 1.1659
Intercept: 1.02 (0.0082)
Ratio: 0.1207 (0.0493)

Heritability of phenotype 2/2
-----------------------------
Total Observed scale h2: 0.1935 (0.0072)
Lambda GC: 1.7688
Mean Chi^2: 2.0731
Intercept: 1.056 (0.0142)
Ratio: 0.0522 (0.0133)

Genetic Covariance
------------------
Total Observed scale gencov: -0.0223 (0.0066)
Mean z1*z2: -0.0444
Intercept: -0.0019 (0.0065)

Genetic Correlation
-------------------
Genetic Correlation: -0.1078 (0.0321)
Z-score: -3.36
P: 0.0008


Summary of Genetic Correlation Results
                                                                                                               p1                       p2      rg     se     z      p  h2_obs  h2_obs_se  h2_int  h2_int_se  gcov_int  gcov_int_se
/mnt/data2/home02/khu/UKB_GWAS/CCA_combine/mental_sMRI/GWAS_all_IDP/IDP2/LDSC/SNP_heritability/result.sumstats.gz intelligence.sumstats.gz -0.1078 0.0321 -3.36 0.0008  0.1935     0.0072   1.056     0.0142   -0.0019       0.0065

Analysis finished at Tue Aug 15 00:35:08 2023
Total time elapsed: 12.3s
