*********************************************************************
* LD Score Regression (LDSC)
* Version 2.0.0
* (C) 2014-2019 Brendan Bulik-Sullivan and Hilary Finucane
* Broad Institute of MIT and Harvard / MIT Department of Mathematics
* GNU General Public License v3
*********************************************************************
Call: 
./ldsc.py \
--out ./trans/fe/corr_mode2 \
--rg /mnt/data2/home02/khu/UKB_GWAS/CCA_combine/mental_sMRI/GWAS_all_IDP/IDP2/LDSC/SNP_heritability/result.sumstats.gz,./trans/fe/alcdep.sumstats.gz \
--ref-ld-chr /mnt/data0/home/khu/UKB_GWAS/Imputation_Calls/new_GWAS_20734/SNP_heritability_LDSC/eur_w_ld_chr/ \
--w-ld-chr /mnt/data0/home/khu/UKB_GWAS/Imputation_Calls/new_GWAS_20734/SNP_heritability_LDSC/eur_w_ld_chr/ 

Beginning analysis at Mon Aug 21 15:04:54 2023
Reading summary statistics from /mnt/data2/home02/khu/UKB_GWAS/CCA_combine/mental_sMRI/GWAS_all_IDP/IDP2/LDSC/SNP_heritability/result.sumstats.gz ...
Read summary statistics for 753321 SNPs.
Reading reference panel LD Score from /mnt/data0/home/khu/UKB_GWAS/Imputation_Calls/new_GWAS_20734/SNP_heritability_LDSC/eur_w_ld_chr/[1-22] ... (ldscore_fromlist)
Read reference panel LD Scores for 1290028 SNPs.
Removing partitioned LD Scores with zero variance.
Reading regression weight LD Score from /mnt/data0/home/khu/UKB_GWAS/Imputation_Calls/new_GWAS_20734/SNP_heritability_LDSC/eur_w_ld_chr/[1-22] ... (ldscore_fromlist)
Read regression weight LD Scores for 1290028 SNPs.
After merging with reference panel LD, 750342 SNPs remain.
After merging with regression SNP LD, 750342 SNPs remain.
Computing rg for phenotype 2/2
Reading summary statistics from ./trans/fe/alcdep.sumstats.gz ...
Read summary statistics for 1217311 SNPs.
After merging with summary statistics, 750342 SNPs remain.
705776 SNPs with valid alleles.

Heritability of phenotype 1
---------------------------
Total Observed scale h2: 0.2043 (0.0224)
Lambda GC: 1.1396
Mean Chi^2: 1.1683
Intercept: 1.0303 (0.0093)
Ratio: 0.18 (0.0554)

Heritability of phenotype 2/2
-----------------------------
Total Observed scale h2: 0.0775 (0.0217)
Lambda GC: 1.0527
Mean Chi^2: 1.053
Intercept: 1.0206 (0.0069)
Ratio: 0.3893 (0.1306)

Genetic Covariance
------------------
Total Observed scale gencov: 0.0154 (0.0128)
Mean z1*z2: -0.0016
Intercept: -0.0099 (0.0051)

Genetic Correlation
-------------------
Genetic Correlation: 0.122 (0.1046)
Z-score: 1.1665
P: 0.2434


Summary of Genetic Correlation Results
                                                                                                               p1                            p2    rg     se      z      p  h2_obs  h2_obs_se  h2_int  h2_int_se  gcov_int  gcov_int_se
/mnt/data2/home02/khu/UKB_GWAS/CCA_combine/mental_sMRI/GWAS_all_IDP/IDP2/LDSC/SNP_heritability/result.sumstats.gz ./trans/fe/alcdep.sumstats.gz 0.122 0.1046 1.1665 0.2434  0.0775     0.0217  1.0206     0.0069   -0.0099       0.0051

Analysis finished at Mon Aug 21 15:05:08 2023
Total time elapsed: 13.91s
