*********************************************************************
* LD Score Regression (LDSC)
* Version 2.0.0
* (C) 2014-2019 Brendan Bulik-Sullivan and Hilary Finucane
* Broad Institute of MIT and Harvard / MIT Department of Mathematics
* GNU General Public License v3
*********************************************************************
Call: 
./ldsc.py \
--out corr_mode1 \
--rg /mnt/data2/home02/khu/UKB_GWAS/CCA_combine/mental_sMRI/GWAS_all_IDP/IDP1/LDSC/SNP_heritability/result.sumstats.gz,PGC3_SCZ.sumstats.gz \
--ref-ld-chr /mnt/data0/home/khu/UKB_GWAS/Imputation_Calls/new_GWAS_20734/SNP_heritability_LDSC/eur_w_ld_chr/ \
--w-ld-chr /mnt/data0/home/khu/UKB_GWAS/Imputation_Calls/new_GWAS_20734/SNP_heritability_LDSC/eur_w_ld_chr/ 

Beginning analysis at Wed Aug  9 23:10:59 2023
Reading summary statistics from /mnt/data2/home02/khu/UKB_GWAS/CCA_combine/mental_sMRI/GWAS_all_IDP/IDP1/LDSC/SNP_heritability/result.sumstats.gz ...
Read summary statistics for 753321 SNPs.
Reading reference panel LD Score from /mnt/data0/home/khu/UKB_GWAS/Imputation_Calls/new_GWAS_20734/SNP_heritability_LDSC/eur_w_ld_chr/[1-22] ... (ldscore_fromlist)
Read reference panel LD Scores for 1290028 SNPs.
Removing partitioned LD Scores with zero variance.
Reading regression weight LD Score from /mnt/data0/home/khu/UKB_GWAS/Imputation_Calls/new_GWAS_20734/SNP_heritability_LDSC/eur_w_ld_chr/[1-22] ... (ldscore_fromlist)
Read regression weight LD Scores for 1290028 SNPs.
After merging with reference panel LD, 750342 SNPs remain.
After merging with regression SNP LD, 750342 SNPs remain.
Computing rg for phenotype 2/2
Reading summary statistics from PGC3_SCZ.sumstats.gz ...
Read summary statistics for 1217311 SNPs.
After merging with summary statistics, 750342 SNPs remain.
722107 SNPs with valid alleles.

Heritability of phenotype 1
---------------------------
Total Observed scale h2: 0.1988 (0.0198)
Lambda GC: 1.1396
Mean Chi^2: 1.159
Intercept: 1.0233 (0.0089)
Ratio: 0.1466 (0.0559)

Heritability of phenotype 2/2
-----------------------------
Total Observed scale h2: 0.3634 (0.0144)
Lambda GC: 1.7767
Mean Chi^2: 2.0462
Intercept: 1.0938 (0.0165)
Ratio: 0.0897 (0.0158)

Genetic Covariance
------------------
Total Observed scale gencov: 0.0394 (0.0102)
Mean z1*z2: 0.0535
Intercept: -0.0004 (0.0083)

Genetic Correlation
-------------------
Genetic Correlation: 0.1465 (0.0385)
Z-score: 3.8027
P: 0.0001


Summary of Genetic Correlation Results
                                                                                                                p1                    p2      rg      se       z       p  h2_obs  h2_obs_se  h2_int  h2_int_se  gcov_int  gcov_int_se
 /mnt/data2/home02/khu/UKB_GWAS/CCA_combine/mental_sMRI/GWAS_all_IDP/IDP1/LDSC/SNP_heritability/result.sumstats.gz  PGC3_SCZ.sumstats.gz  0.1465  0.0385  3.8027  0.0001  0.3634     0.0144  1.0938     0.0165   -0.0004       0.0083

Analysis finished at Wed Aug  9 23:11:10 2023
Total time elapsed: 11.53s
