*********************************************************************
* LD Score Regression (LDSC)
* Version 2.0.0
* (C) 2014-2019 Brendan Bulik-Sullivan and Hilary Finucane
* Broad Institute of MIT and Harvard / MIT Department of Mathematics
* GNU General Public License v3
*********************************************************************
Call: 
./ldsc.py \
--out corr_mode2 \
--rg /mnt/data2/home02/khu/UKB_GWAS/CCA_combine/mental_sMRI/GWAS_all_IDP/IDP2/LDSC/SNP_heritability/result.sumstats.gz,/mnt/data0/home/khu/UKB_GWAS/CCA_combine/mental_combine/GWAS_IDP/GWAS_2/LDSC/gene_corr/MDD/MDD2019/MDD2019.sumstats.gz \
--ref-ld-chr /mnt/data0/home/khu/UKB_GWAS/Imputation_Calls/new_GWAS_20734/SNP_heritability_LDSC/eur_w_ld_chr/ \
--w-ld-chr /mnt/data0/home/khu/UKB_GWAS/Imputation_Calls/new_GWAS_20734/SNP_heritability_LDSC/eur_w_ld_chr/ 

Beginning analysis at Mon Aug 14 21:29:48 2023
Reading summary statistics from /mnt/data2/home02/khu/UKB_GWAS/CCA_combine/mental_sMRI/GWAS_all_IDP/IDP2/LDSC/SNP_heritability/result.sumstats.gz ...
Read summary statistics for 753321 SNPs.
Reading reference panel LD Score from /mnt/data0/home/khu/UKB_GWAS/Imputation_Calls/new_GWAS_20734/SNP_heritability_LDSC/eur_w_ld_chr/[1-22] ... (ldscore_fromlist)
Read reference panel LD Scores for 1290028 SNPs.
Removing partitioned LD Scores with zero variance.
Reading regression weight LD Score from /mnt/data0/home/khu/UKB_GWAS/Imputation_Calls/new_GWAS_20734/SNP_heritability_LDSC/eur_w_ld_chr/[1-22] ... (ldscore_fromlist)
Read regression weight LD Scores for 1290028 SNPs.
After merging with reference panel LD, 750342 SNPs remain.
After merging with regression SNP LD, 750342 SNPs remain.
Computing rg for phenotype 2/2
Reading summary statistics from /mnt/data0/home/khu/UKB_GWAS/CCA_combine/mental_combine/GWAS_IDP/GWAS_2/LDSC/gene_corr/MDD/MDD2019/MDD2019.sumstats.gz ...
Read summary statistics for 1217311 SNPs.
After merging with summary statistics, 750342 SNPs remain.
748497 SNPs with valid alleles.

Heritability of phenotype 1
---------------------------
Total Observed scale h2: 0.2181 (0.021)
Lambda GC: 1.1364
Mean Chi^2: 1.1637
Intercept: 1.0216 (0.0083)
Ratio: 0.1317 (0.0509)

Heritability of phenotype 2/2
-----------------------------
Total Observed scale h2: 0.0622 (0.0026)
Lambda GC: 1.4637
Mean Chi^2: 1.5965
Intercept: 1.0033 (0.0112)
Ratio: 0.0055 (0.0188)

Genetic Covariance
------------------
Total Observed scale gencov: 0.0001 (0.0039)
Mean z1*z2: -0.0045
Intercept: 0.0008 (0.0058)

Genetic Correlation
-------------------
Genetic Correlation: 0.0012 (0.0338)
Z-score: 0.0367
P: 0.9707


Summary of Genetic Correlation Results
                                                                                                                p1                                                                                                                      p2      rg      se       z       p  h2_obs  h2_obs_se  h2_int  h2_int_se  gcov_int  gcov_int_se
 /mnt/data2/home02/khu/UKB_GWAS/CCA_combine/mental_sMRI/GWAS_all_IDP/IDP2/LDSC/SNP_heritability/result.sumstats.gz  /mnt/data0/home/khu/UKB_GWAS/CCA_combine/mental_combine/GWAS_IDP/GWAS_2/LDSC/gene_corr/MDD/MDD2019/MDD2019.sumstats.gz  0.0012  0.0338  0.0367  0.9707  0.0622     0.0026  1.0033     0.0112    0.0008       0.0058

Analysis finished at Mon Aug 14 21:29:59 2023
Total time elapsed: 11.73s
