*********************************************************************
* LD Score Regression (LDSC)
* Version 2.0.0
* (C) 2014-2019 Brendan Bulik-Sullivan and Hilary Finucane
* Broad Institute of MIT and Harvard / MIT Department of Mathematics
* GNU General Public License v3
*********************************************************************
Call: 
./ldsc.py \
--out corr_mode2 \
--rg /mnt/data2/home02/khu/UKB_GWAS/CCA_combine/mental_sMRI/GWAS_all_IDP/IDP2/LDSC/SNP_heritability/result.sumstats.gz,cp.sumstats.gz \
--ref-ld-chr /mnt/data0/home/khu/UKB_GWAS/Imputation_Calls/new_GWAS_20734/SNP_heritability_LDSC/eur_w_ld_chr/ \
--w-ld-chr /mnt/data0/home/khu/UKB_GWAS/Imputation_Calls/new_GWAS_20734/SNP_heritability_LDSC/eur_w_ld_chr/ 

Beginning analysis at Thu Aug 24 16:26:16 2023
Reading summary statistics from /mnt/data2/home02/khu/UKB_GWAS/CCA_combine/mental_sMRI/GWAS_all_IDP/IDP2/LDSC/SNP_heritability/result.sumstats.gz ...
Read summary statistics for 753321 SNPs.
Reading reference panel LD Score from /mnt/data0/home/khu/UKB_GWAS/Imputation_Calls/new_GWAS_20734/SNP_heritability_LDSC/eur_w_ld_chr/[1-22] ... (ldscore_fromlist)
Read reference panel LD Scores for 1290028 SNPs.
Removing partitioned LD Scores with zero variance.
Reading regression weight LD Score from /mnt/data0/home/khu/UKB_GWAS/Imputation_Calls/new_GWAS_20734/SNP_heritability_LDSC/eur_w_ld_chr/[1-22] ... (ldscore_fromlist)
Read regression weight LD Scores for 1290028 SNPs.
After merging with reference panel LD, 750342 SNPs remain.
After merging with regression SNP LD, 750342 SNPs remain.
Computing rg for phenotype 2/2
Reading summary statistics from cp.sumstats.gz ...
Read summary statistics for 1217311 SNPs.
After merging with summary statistics, 750342 SNPs remain.
744484 SNPs with valid alleles.

Heritability of phenotype 1
---------------------------
Total Observed scale h2: 0.2168 (0.0211)
Lambda GC: 1.1364
Mean Chi^2: 1.1639
Intercept: 1.0226 (0.0078)
Ratio: 0.1381 (0.0475)

Heritability of phenotype 2/2
-----------------------------
Total Observed scale h2: 0.2018 (0.0075)
Lambda GC: 1.7295
Mean Chi^2: 2.0216
Intercept: 1.0091 (0.0155)
Ratio: 0.0089 (0.0152)

Genetic Covariance
------------------
Total Observed scale gencov: -0.0198 (0.0068)
Mean z1*z2: -0.0403
Intercept: -0.0024 (0.0068)

Genetic Correlation
-------------------
Genetic Correlation: -0.0948 (0.0321)
Z-score: -2.953
P: 0.0031


Summary of Genetic Correlation Results
                                                                                                               p1             p2      rg     se      z      p  h2_obs  h2_obs_se  h2_int  h2_int_se  gcov_int  gcov_int_se
/mnt/data2/home02/khu/UKB_GWAS/CCA_combine/mental_sMRI/GWAS_all_IDP/IDP2/LDSC/SNP_heritability/result.sumstats.gz cp.sumstats.gz -0.0948 0.0321 -2.953 0.0031  0.2018     0.0075  1.0091     0.0155   -0.0024       0.0068

Analysis finished at Thu Aug 24 16:26:27 2023
Total time elapsed: 11.11s
