*********************************************************************
* LD Score Regression (LDSC)
* Version 2.0.0
* (C) 2014-2019 Brendan Bulik-Sullivan and Hilary Finucane
* Broad Institute of MIT and Harvard / MIT Department of Mathematics
* GNU General Public License v3
*********************************************************************
Call: 
./ldsc.py \
--out corr_mode1 \
--rg /mnt/data2/home02/khu/UKB_GWAS/CCA_combine/mental_sMRI/GWAS_all_IDP/IDP1/LDSC/SNP_heritability/result.sumstats.gz,intelligence.sumstats.gz \
--ref-ld-chr /mnt/data0/home/khu/UKB_GWAS/Imputation_Calls/new_GWAS_20734/SNP_heritability_LDSC/eur_w_ld_chr/ \
--w-ld-chr /mnt/data0/home/khu/UKB_GWAS/Imputation_Calls/new_GWAS_20734/SNP_heritability_LDSC/eur_w_ld_chr/ 

Beginning analysis at Tue Aug 15 00:39:29 2023
Reading summary statistics from /mnt/data2/home02/khu/UKB_GWAS/CCA_combine/mental_sMRI/GWAS_all_IDP/IDP1/LDSC/SNP_heritability/result.sumstats.gz ...
Read summary statistics for 753321 SNPs.
Reading reference panel LD Score from /mnt/data0/home/khu/UKB_GWAS/Imputation_Calls/new_GWAS_20734/SNP_heritability_LDSC/eur_w_ld_chr/[1-22] ... (ldscore_fromlist)
Read reference panel LD Scores for 1290028 SNPs.
Removing partitioned LD Scores with zero variance.
Reading regression weight LD Score from /mnt/data0/home/khu/UKB_GWAS/Imputation_Calls/new_GWAS_20734/SNP_heritability_LDSC/eur_w_ld_chr/[1-22] ... (ldscore_fromlist)
Read regression weight LD Scores for 1290028 SNPs.
After merging with reference panel LD, 750342 SNPs remain.
After merging with regression SNP LD, 750342 SNPs remain.
Computing rg for phenotype 2/2
Reading summary statistics from intelligence.sumstats.gz ...
Read summary statistics for 1217311 SNPs.
After merging with summary statistics, 750342 SNPs remain.
725005 SNPs with valid alleles.

Heritability of phenotype 1
---------------------------
Total Observed scale h2: 0.2081 (0.0189)
Lambda GC: 1.1364
Mean Chi^2: 1.157
Intercept: 1.0171 (0.0079)
Ratio: 0.109 (0.0505)

Heritability of phenotype 2/2
-----------------------------
Total Observed scale h2: 0.1935 (0.0072)
Lambda GC: 1.7688
Mean Chi^2: 2.0731
Intercept: 1.056 (0.0142)
Ratio: 0.0522 (0.0133)

Genetic Covariance
------------------
Total Observed scale gencov: -0.016 (0.0069)
Mean z1*z2: -0.0414
Intercept: -0.0112 (0.0073)

Genetic Correlation
-------------------
Genetic Correlation: -0.0798 (0.0344)
Z-score: -2.3167
P: 0.0205


Summary of Genetic Correlation Results
                                                                                                               p1                       p2      rg     se       z      p  h2_obs  h2_obs_se  h2_int  h2_int_se  gcov_int  gcov_int_se
/mnt/data2/home02/khu/UKB_GWAS/CCA_combine/mental_sMRI/GWAS_all_IDP/IDP1/LDSC/SNP_heritability/result.sumstats.gz intelligence.sumstats.gz -0.0798 0.0344 -2.3167 0.0205  0.1935     0.0072   1.056     0.0142   -0.0112       0.0073

Analysis finished at Tue Aug 15 00:39:42 2023
Total time elapsed: 12.28s
