*********************************************************************
* LD Score Regression (LDSC)
* Version 2.0.0
* (C) 2014-2019 Brendan Bulik-Sullivan and Hilary Finucane
* Broad Institute of MIT and Harvard / MIT Department of Mathematics
* GNU General Public License v3
*********************************************************************
Call: 
./ldsc.py \
--out corr_mode1_1 \
--rg /mnt/data2/home02/khu/UKB_GWAS/CCA_combine/mental_sMRI/GWAS_all_IDP/IDP1/LDSC/SNP_heritability/result.sumstats.gz,Extremely_high_intelligence1.sumstats.gz \
--ref-ld-chr /mnt/data0/home/khu/UKB_GWAS/Imputation_Calls/new_GWAS_20734/SNP_heritability_LDSC/eur_w_ld_chr/ \
--w-ld-chr /mnt/data0/home/khu/UKB_GWAS/Imputation_Calls/new_GWAS_20734/SNP_heritability_LDSC/eur_w_ld_chr/ 

Beginning analysis at Wed Aug 16 17:04:30 2023
Reading summary statistics from /mnt/data2/home02/khu/UKB_GWAS/CCA_combine/mental_sMRI/GWAS_all_IDP/IDP1/LDSC/SNP_heritability/result.sumstats.gz ...
Read summary statistics for 753321 SNPs.
Reading reference panel LD Score from /mnt/data0/home/khu/UKB_GWAS/Imputation_Calls/new_GWAS_20734/SNP_heritability_LDSC/eur_w_ld_chr/[1-22] ... (ldscore_fromlist)
Read reference panel LD Scores for 1290028 SNPs.
Removing partitioned LD Scores with zero variance.
Reading regression weight LD Score from /mnt/data0/home/khu/UKB_GWAS/Imputation_Calls/new_GWAS_20734/SNP_heritability_LDSC/eur_w_ld_chr/[1-22] ... (ldscore_fromlist)
Read regression weight LD Scores for 1290028 SNPs.
After merging with reference panel LD, 750342 SNPs remain.
After merging with regression SNP LD, 750342 SNPs remain.
Computing rg for phenotype 2/2
Reading summary statistics from Extremely_high_intelligence1.sumstats.gz ...
Read summary statistics for 1217311 SNPs.
After merging with summary statistics, 750342 SNPs remain.
622514 SNPs with valid alleles.

Heritability of phenotype 1
---------------------------
Total Observed scale h2: 0.2067 (0.0201)
Lambda GC: 1.1459
Mean Chi^2: 1.164
Intercept: 1.0185 (0.0087)
Ratio: 0.1125 (0.0529)

Heritability of phenotype 2/2
-----------------------------
Total Observed scale h2: 0.2079 (0.0117)
Lambda GC: 1.3238
Mean Chi^2: 1.3903
Intercept: 1.0153 (0.0121)
Ratio: 0.0391 (0.031)

Genetic Covariance
------------------
Total Observed scale gencov: -0.0133 (0.0108)
Mean z1*z2: -0.013
Intercept: -0.0002 (0.0072)

Genetic Correlation
-------------------
Genetic Correlation: -0.0643 (0.0526)
Z-score: -1.2231
P: 0.2213


Summary of Genetic Correlation Results
                                                                                                               p1                                       p2      rg     se       z      p  h2_obs  h2_obs_se  h2_int  h2_int_se  gcov_int  gcov_int_se
/mnt/data2/home02/khu/UKB_GWAS/CCA_combine/mental_sMRI/GWAS_all_IDP/IDP1/LDSC/SNP_heritability/result.sumstats.gz Extremely_high_intelligence1.sumstats.gz -0.0643 0.0526 -1.2231 0.2213  0.2079     0.0117  1.0153     0.0121   -0.0002       0.0072

Analysis finished at Wed Aug 16 17:04:42 2023
Total time elapsed: 12.46s
