*********************************************************************
* LD Score Regression (LDSC)
* Version 2.0.0
* (C) 2014-2019 Brendan Bulik-Sullivan and Hilary Finucane
* Broad Institute of MIT and Harvard / MIT Department of Mathematics
* GNU General Public License v3
*********************************************************************
Call: 
./ldsc.py \
--out corr_mode2 \
--rg /mnt/data2/home02/khu/UKB_GWAS/CCA_combine/mental_sMRI/GWAS_all_IDP/IDP2/LDSC/SNP_heritability/result.sumstats.gz,CUD.sumstats.gz \
--ref-ld-chr /mnt/data0/home/khu/UKB_GWAS/Imputation_Calls/new_GWAS_20734/SNP_heritability_LDSC/eur_w_ld_chr/ \
--w-ld-chr /mnt/data0/home/khu/UKB_GWAS/Imputation_Calls/new_GWAS_20734/SNP_heritability_LDSC/eur_w_ld_chr/ 

Beginning analysis at Wed Aug 16 14:19:11 2023
Reading summary statistics from /mnt/data2/home02/khu/UKB_GWAS/CCA_combine/mental_sMRI/GWAS_all_IDP/IDP2/LDSC/SNP_heritability/result.sumstats.gz ...
Read summary statistics for 753321 SNPs.
Reading reference panel LD Score from /mnt/data0/home/khu/UKB_GWAS/Imputation_Calls/new_GWAS_20734/SNP_heritability_LDSC/eur_w_ld_chr/[1-22] ... (ldscore_fromlist)
Read reference panel LD Scores for 1290028 SNPs.
Removing partitioned LD Scores with zero variance.
Reading regression weight LD Score from /mnt/data0/home/khu/UKB_GWAS/Imputation_Calls/new_GWAS_20734/SNP_heritability_LDSC/eur_w_ld_chr/[1-22] ... (ldscore_fromlist)
Read regression weight LD Scores for 1290028 SNPs.
After merging with reference panel LD, 750342 SNPs remain.
After merging with regression SNP LD, 750342 SNPs remain.
Computing rg for phenotype 2/2
Reading summary statistics from CUD.sumstats.gz ...
Read summary statistics for 1217311 SNPs.
After merging with summary statistics, 750342 SNPs remain.
714533 SNPs with valid alleles.

Heritability of phenotype 1
---------------------------
Total Observed scale h2: 0.2156 (0.0228)
Lambda GC: 1.1396
Mean Chi^2: 1.166
Intercept: 1.0234 (0.0089)
Ratio: 0.141 (0.0537)

Heritability of phenotype 2/2
-----------------------------
Total Observed scale h2: 0.0193 (0.0019)
Lambda GC: 1.105
Mean Chi^2: 1.1168
Intercept: 0.9869 (0.0077)
Ratio < 0 (usually indicates GC correction).

Genetic Covariance
------------------
Total Observed scale gencov: 2.4284e-05 (0.004)
Mean z1*z2: 0.0012
Intercept: 0.0011 (0.0056)

Genetic Correlation
-------------------
Genetic Correlation: 0.0004 (0.0621)
Z-score: 0.0061
P: 0.9952


Summary of Genetic Correlation Results
                                                                                                               p1              p2     rg     se      z      p  h2_obs  h2_obs_se  h2_int  h2_int_se  gcov_int  gcov_int_se
/mnt/data2/home02/khu/UKB_GWAS/CCA_combine/mental_sMRI/GWAS_all_IDP/IDP2/LDSC/SNP_heritability/result.sumstats.gz CUD.sumstats.gz 0.0004 0.0621 0.0061 0.9952  0.0193     0.0019  0.9869     0.0077    0.0011       0.0056

Analysis finished at Wed Aug 16 14:19:23 2023
Total time elapsed: 12.18s
